autoscan-2.69: warning: missing AC_CHECK_HEADERS([fenv.h]) wanted by: 
	nbproject/private/c_standard_headers_indexer.c:63
autoscan-2.69: warning: missing AC_CHECK_HEADERS([float.h]) wanted by: 
	nbproject/private/c_standard_headers_indexer.c:46
autoscan-2.69: warning: missing AC_CHECK_HEADERS([inttypes.h]) wanted by: 
	nbproject/private/c_standard_headers_indexer.c:64
autoscan-2.69: warning: missing AC_CHECK_HEADERS([limits.h]) wanted by: 
	printf.c:5
	nbproject/private/c_standard_headers_indexer.c:47
autoscan-2.69: warning: missing AC_CHECK_HEADERS([locale.h]) wanted by: 
	nbproject/private/c_standard_headers_indexer.c:48
autoscan-2.69: warning: missing AC_CHECK_HEADERS([stddef.h]) wanted by: 
	printf.c:4
	arch/i386/page-frames.c:1
	arch/i386/heap.c:3
	arch/i386/arch-init.c:2
	arch/i386/paging.c:6
	arch/i386/tty.c:1
	arch/i386/frames.c:1
	nbproject/private/c_standard_headers_indexer.c:53
	include/stdio.h:5
	include/stdlib.h:4
autoscan-2.69: warning: missing AC_CHECK_HEADERS([stdint.h]) wanted by: 
	printf.c:3
	arch/i386/heap.c:2
	arch/i386/paging.h:19
	arch/i386/arch-init.c:3
	arch/i386/paging.c:5
	arch/i386/multiboot.h:94
	arch/i386/frames.h:4
	arch/i386/tty.c:2
	nbproject/private/c_standard_headers_indexer.c:66
	include/unistd.h:4
autoscan-2.69: warning: missing AC_CHECK_HEADERS([stdlib.h]) wanted by: 
	kmain.c:1
	malloc.c:1
	nbproject/private/c_standard_headers_indexer.c:56
autoscan-2.69: warning: missing AC_CHECK_HEADERS([string.h]) wanted by: 
	nbproject/private/c_standard_headers_indexer.c:55
autoscan-2.69: warning: missing AC_CHECK_HEADERS([unistd.h]) wanted by: 
	malloc.c:2
	arch/i386/heap.c:1
autoscan-2.69: warning: missing AC_CHECK_HEADERS([wchar.h]) wanted by: 
	nbproject/private/c_standard_headers_indexer.c:59
autoscan-2.69: warning: missing AC_CHECK_HEADERS([wctype.h]) wanted by: 
	nbproject/private/c_standard_headers_indexer.c:60
autoscan-2.69: warning: missing AC_CHECK_TYPES([ptrdiff_t]) wanted by: 
	printf.c:233
	printf.c:234
	arch/i386/tty.c:77
autoscan-2.69: warning: missing AC_C_INLINE wanted by: 
	arch/i386/tty.c:18
	arch/i386/tty.c:24
	arch/i386/frames.c:15
autoscan-2.69: warning: missing AC_FUNC_MALLOC wanted by: 
	kmain.c:10
	malloc.c:13
	include/stdlib.h:8
autoscan-2.69: warning: missing AC_PROG_CXX wanted by: 
	nbproject/private/cpp_standard_headers_indexer.cpp
autoscan-2.69: warning: missing AC_TYPE_SIZE_T wanted by: 
	printf.c:174
	printf.c:182
	printf.c:189
	printf.c:228
	printf.c:228
	printf.c:229
	printf.c:233
	kmain.c:8
	kmain.c:11
	malloc.c:13
	malloc.c:15
	malloc.c:15
	malloc.c:27
	malloc.c:30
	malloc.c:33
	malloc.c:38
	malloc.c:45
	malloc.c:75
	malloc.c:75
	arch/i386/page-frames.c:7
	arch/i386/paging.c:13
	arch/i386/paging.c:48
	arch/i386/tty.c:6
	arch/i386/tty.c:7
	arch/i386/tty.c:78
	arch/i386/frames.c:16
	arch/i386/frames.c:16
	arch/i386/frames.c:41
	arch/i386/frames.c:82
	include/stdlib.h:8
autoscan-2.69: warning: missing AC_TYPE_UINT16_T wanted by: 
	arch/i386/multiboot.h:186
	arch/i386/multiboot.h:187
	arch/i386/multiboot.h:188
	arch/i386/multiboot.h:189
	arch/i386/multiboot.h:205
	arch/i386/multiboot.h:258
	arch/i386/multiboot.h:259
	arch/i386/multiboot.h:261
	arch/i386/multiboot.h:262
	arch/i386/multiboot.h:263
	arch/i386/multiboot.h:264
	arch/i386/multiboot.h:265
	arch/i386/multiboot.h:266
	arch/i386/tty.c:10
	arch/i386/tty.c:12
	arch/i386/tty.c:14
	arch/i386/tty.c:15
	arch/i386/tty.c:16
	arch/i386/tty.c:18
	arch/i386/tty.c:21
	arch/i386/tty.c:21
	arch/i386/tty.c:27
	arch/i386/tty.c:32
autoscan-2.69: warning: missing AC_TYPE_UINT32_T wanted by: 
	arch/i386/page-frames.c:3
	arch/i386/page-frames.c:4
	arch/i386/page-frames.c:4
	arch/i386/page-frames.c:6
	arch/i386/page-frames.c:7
	arch/i386/page-frames.c:19
	arch/i386/paging.h:23
	arch/i386/paging.h:23
	arch/i386/paging.h:24
	arch/i386/paging.h:24
	arch/i386/arch-init.c:11
	arch/i386/arch-init.c:11
	arch/i386/acpi.h:11
	arch/i386/acpi.h:19
	arch/i386/paging.c:8
	arch/i386/paging.c:9
	arch/i386/paging.c:10
	arch/i386/paging.c:12
	arch/i386/paging.c:16
	arch/i386/paging.c:16
	arch/i386/paging.c:19
	arch/i386/paging.c:23
	arch/i386/paging.c:24
	arch/i386/paging.c:26
	arch/i386/paging.c:27
	arch/i386/paging.c:51
	arch/i386/paging.c:65
	arch/i386/paging.c:80
	arch/i386/multiboot.h:99
	arch/i386/multiboot.h:102
	arch/i386/multiboot.h:105
	arch/i386/multiboot.h:108
	arch/i386/multiboot.h:109
	arch/i386/multiboot.h:110
	arch/i386/multiboot.h:111
	arch/i386/multiboot.h:112
	arch/i386/multiboot.h:115
	arch/i386/multiboot.h:116
	arch/i386/multiboot.h:117
	arch/i386/multiboot.h:118
	arch/i386/multiboot.h:124
	arch/i386/multiboot.h:125
	arch/i386/multiboot.h:126
	arch/i386/multiboot.h:127
	arch/i386/multiboot.h:134
	arch/i386/multiboot.h:135
	arch/i386/multiboot.h:136
	arch/i386/multiboot.h:137
	arch/i386/multiboot.h:144
	arch/i386/multiboot.h:147
	arch/i386/multiboot.h:148
	arch/i386/multiboot.h:151
	arch/i386/multiboot.h:154
	arch/i386/multiboot.h:157
	arch/i386/multiboot.h:158
	arch/i386/multiboot.h:167
	arch/i386/multiboot.h:168
	arch/i386/multiboot.h:171
	arch/i386/multiboot.h:172
	arch/i386/multiboot.h:175
	arch/i386/multiboot.h:178
	arch/i386/multiboot.h:181
	arch/i386/multiboot.h:184
	arch/i386/multiboot.h:185
	arch/i386/multiboot.h:192
	arch/i386/multiboot.h:193
	arch/i386/multiboot.h:194
	arch/i386/multiboot.h:204
	arch/i386/multiboot.h:229
	arch/i386/multiboot.h:237
	arch/i386/multiboot.h:244
	arch/i386/multiboot.h:245
	arch/i386/multiboot.h:248
	arch/i386/multiboot.h:251
	arch/i386/multiboot.h:260
	arch/i386/frames.h:8
	arch/i386/frames.h:8
	arch/i386/frames.h:9
	arch/i386/frames.h:10
	arch/i386/frames.c:9
	arch/i386/frames.c:10
	arch/i386/frames.c:13
	arch/i386/frames.c:13
	arch/i386/frames.c:16
	arch/i386/frames.c:16
	arch/i386/frames.c:29
	arch/i386/frames.c:29
	arch/i386/frames.c:34
	arch/i386/frames.c:35
	arch/i386/frames.c:36
	arch/i386/frames.c:36
	arch/i386/frames.c:37
	arch/i386/frames.c:37
	arch/i386/frames.c:40
	arch/i386/frames.c:51
	arch/i386/frames.c:52
	arch/i386/frames.c:54
	arch/i386/frames.c:87
	arch/i386/frames.c:94
	arch/i386/frames.c:102
	arch/i386/frames.c:111
autoscan-2.69: warning: missing AC_TYPE_UINT64_T wanted by: 
	arch/i386/acpi.h:20
	arch/i386/multiboot.h:191
	arch/i386/multiboot.h:230
	arch/i386/multiboot.h:231
autoscan-2.69: warning: missing AC_TYPE_UINT8_T wanted by: 
	arch/i386/acpi.h:8
	arch/i386/acpi.h:10
	arch/i386/acpi.h:21
	arch/i386/acpi.h:22
	arch/i386/multiboot.h:195
	arch/i386/multiboot.h:199
	arch/i386/multiboot.h:209
	arch/i386/multiboot.h:210
	arch/i386/multiboot.h:211
	arch/i386/multiboot.h:212
	arch/i386/multiboot.h:213
	arch/i386/multiboot.h:214
	arch/i386/multiboot.h:222
	arch/i386/multiboot.h:223
	arch/i386/multiboot.h:224
