This file contains any messages produced by compilers while
running configure, to aid debugging if configure makes a mistake.

It was created by machulus configure 0.0.1, which was
generated by GNU Autoconf 2.69.  Invocation command line was

  $ ./configure --host i686-pc-elf

## --------- ##
## Platform. ##
## --------- ##

hostname = mercurius
uname -m = x86_64
uname -r = 4.17.4-1-ARCH
uname -s = Linux
uname -v = #1 SMP PREEMPT Tue Jul 3 15:45:09 UTC 2018

/usr/bin/uname -p = unknown
/bin/uname -X     = unknown

/bin/arch              = unknown
/usr/bin/arch -k       = unknown
/usr/convex/getsysinfo = unknown
/usr/bin/hostinfo      = unknown
/bin/machine           = unknown
/usr/bin/oslevel       = unknown
/bin/universe          = unknown

PATH: /usr/local/bin
PATH: /usr/bin
PATH: /bin
PATH: /usr/local/sbin
PATH: /usr/bin/site_perl
PATH: /usr/bin/vendor_perl
PATH: /usr/bin/core_perl


## ----------- ##
## Core tests. ##
## ----------- ##

configure:1906: checking for a BSD-compatible install
configure:1974: result: /usr/bin/install -c
configure:1985: checking whether build environment is sane
configure:2040: result: yes
configure:2099: checking for i686-pc-elf-strip
configure:2115: found /usr/local/bin/i686-pc-elf-strip
configure:2126: result: i686-pc-elf-strip
configure:2191: checking for a thread-safe mkdir -p
configure:2230: result: /usr/bin/mkdir -p
configure:2237: checking for gawk
configure:2253: found /usr/bin/gawk
configure:2264: result: gawk
configure:2275: checking whether make sets $(MAKE)
configure:2297: result: yes
configure:2326: checking whether make supports nested variables
configure:2343: result: yes
configure:2479: checking build system type
configure:2493: result: x86_64-pc-linux-gnu
configure:2516: checking host system type
configure:2529: result: i686-pc-elf
configure:2602: checking for i686-pc-elf-gcc
configure:2618: found /usr/local/bin/i686-pc-elf-gcc
configure:2629: result: i686-pc-elf-gcc
configure:2898: checking for C compiler version
configure:2907: i686-pc-elf-gcc --version >&5
i686-pc-elf-gcc (GCC) 8.1.0
Copyright (C) 2018 Free Software Foundation, Inc.
This is free software; see the source for copying conditions.  There is NO
warranty; not even for MERCHANTABILITY or FITNESS FOR A PARTICULAR PURPOSE.

configure:2918: $? = 0
configure:2907: i686-pc-elf-gcc -v >&5
Using built-in specs.
COLLECT_GCC=i686-pc-elf-gcc
COLLECT_LTO_WRAPPER=/usr/local/libexec/gcc/i686-pc-elf/8.1.0/lto-wrapper
Target: i686-pc-elf
Configured with: ../gcc-8.1.0/configure --target i686-pc-elf --prefix /usr/local --enable-languages=c,c++ --with-newlib --without-headers --disable-shared --with-gnu-as --with-gnu-ld
Thread model: single
gcc version 8.1.0 (GCC) 
configure:2918: $? = 0
configure:2907: i686-pc-elf-gcc -V >&5
i686-pc-elf-gcc: error: unrecognized command line option '-V'
i686-pc-elf-gcc: fatal error: no input files
compilation terminated.
configure:2918: $? = 1
configure:2907: i686-pc-elf-gcc -qversion >&5
i686-pc-elf-gcc: error: unrecognized command line option '-qversion'; did you mean '--version'?
i686-pc-elf-gcc: fatal error: no input files
compilation terminated.
configure:2918: $? = 1
configure:2938: checking whether the C compiler works
configure:2960: i686-pc-elf-gcc -ffreestanding -nostdlib   conftest.c  >&5
/usr/local/lib/gcc/i686-pc-elf/8.1.0/../../../../i686-pc-elf/bin/ld: warning: cannot find entry symbol _start; defaulting to 0000000008048054
configure:2964: $? = 0
configure:3012: result: yes
configure:3015: checking for C compiler default output file name
configure:3017: result: a.out
configure:3023: checking for suffix of executables
configure:3030: i686-pc-elf-gcc -o conftest -ffreestanding -nostdlib   conftest.c  >&5
/usr/local/lib/gcc/i686-pc-elf/8.1.0/../../../../i686-pc-elf/bin/ld: warning: cannot find entry symbol _start; defaulting to 0000000008048054
configure:3034: $? = 0
configure:3056: result: 
configure:3078: checking whether we are cross compiling
configure:3086: i686-pc-elf-gcc -o conftest -ffreestanding -nostdlib   conftest.c  >&5
/usr/local/lib/gcc/i686-pc-elf/8.1.0/../../../../i686-pc-elf/bin/ld: warning: cannot find entry symbol _start; defaulting to 0000000008048054
/tmp/cc1TQBoV.o: In function `main':
conftest.c:(.text+0x1f): undefined reference to `fopen'
conftest.c:(.text+0x3f): undefined reference to `fclose'
collect2: error: ld returned 1 exit status
configure:3090: $? = 1
configure:3097: ./conftest
./configure: line 3099: ./conftest: No such file or directory
configure:3101: $? = 127
configure:3116: result: yes
configure:3121: checking for suffix of object files
configure:3143: i686-pc-elf-gcc -c -ffreestanding -nostdlib  conftest.c >&5
configure:3147: $? = 0
configure:3168: result: o
configure:3172: checking whether we are using the GNU C compiler
configure:3191: i686-pc-elf-gcc -c -ffreestanding -nostdlib  conftest.c >&5
configure:3191: $? = 0
configure:3200: result: yes
configure:3209: checking whether i686-pc-elf-gcc accepts -g
configure:3229: i686-pc-elf-gcc -c -g  conftest.c >&5
configure:3229: $? = 0
configure:3270: result: yes
configure:3287: checking for i686-pc-elf-gcc option to accept ISO C89
configure:3350: i686-pc-elf-gcc  -c -ffreestanding -nostdlib  conftest.c >&5
configure:3350: $? = 0
configure:3363: result: none needed
configure:3388: checking whether i686-pc-elf-gcc understands -c and -o together
configure:3410: i686-pc-elf-gcc -c conftest.c -o conftest2.o
configure:3413: $? = 0
configure:3410: i686-pc-elf-gcc -c conftest.c -o conftest2.o
configure:3413: $? = 0
configure:3425: result: yes
configure:3453: checking for style of include used by make
configure:3481: result: GNU
configure:3507: checking dependency style of i686-pc-elf-gcc
configure:3618: result: gcc3
configure:3642: checking dependency style of i686-pc-elf-gcc
configure:3751: result: gcc3
configure:3769: checking for i686-pc-elf-ranlib
configure:3785: found /usr/local/bin/i686-pc-elf-ranlib
configure:3796: result: i686-pc-elf-ranlib
configure:3864: checking for i686-pc-elf-ar
configure:3880: found /usr/local/bin/i686-pc-elf-ar
configure:3891: result: i686-pc-elf-ar
configure:3961: checking the archiver (i686-pc-elf-ar) interface
configure:3977: i686-pc-elf-gcc -c -ffreestanding -nostdlib  conftest.c >&5
configure:3977: $? = 0
configure:3979: i686-pc-elf-ar cru libconftest.a conftest.o >&5
configure:3982: $? = 0
configure:4010: result: ar
configure:4035: checking for __umoddi3 in -lgcc
configure:4060: i686-pc-elf-gcc -o conftest -ffreestanding -nostdlib   conftest.c -lgcc   >&5
/usr/local/lib/gcc/i686-pc-elf/8.1.0/../../../../i686-pc-elf/bin/ld: warning: cannot find entry symbol _start; defaulting to 0000000008048060
configure:4060: $? = 0
configure:4069: result: yes
configure:4248: checking that generated files are newer than configure
configure:4254: result: done
configure:4281: creating ./config.status

## ---------------------- ##
## Running config.status. ##
## ---------------------- ##

This file was extended by machulus config.status 0.0.1, which was
generated by GNU Autoconf 2.69.  Invocation command line was

  CONFIG_FILES    = 
  CONFIG_HEADERS  = 
  CONFIG_LINKS    = 
  CONFIG_COMMANDS = 
  $ ./config.status 

on mercurius

config.status:866: creating Makefile
config.status:866: creating arch/Makefile
config.status:866: creating arch/x86/Makefile
config.status:866: creating ./include/config.h
config.status:1095: executing depfiles commands

## ---------------- ##
## Cache variables. ##
## ---------------- ##

ac_cv_build=x86_64-pc-linux-gnu
ac_cv_c_compiler_gnu=yes
ac_cv_env_CCASFLAGS_set=
ac_cv_env_CCASFLAGS_value=
ac_cv_env_CCAS_set=
ac_cv_env_CCAS_value=
ac_cv_env_CC_set=
ac_cv_env_CC_value=
ac_cv_env_CFLAGS_set=set
ac_cv_env_CFLAGS_value='-ffreestanding -nostdlib'
ac_cv_env_CPPFLAGS_set=
ac_cv_env_CPPFLAGS_value=
ac_cv_env_LDFLAGS_set=
ac_cv_env_LDFLAGS_value=
ac_cv_env_LIBS_set=
ac_cv_env_LIBS_value=
ac_cv_env_build_alias_set=
ac_cv_env_build_alias_value=
ac_cv_env_host_alias_set=set
ac_cv_env_host_alias_value=i686-pc-elf
ac_cv_env_target_alias_set=
ac_cv_env_target_alias_value=
ac_cv_host=i686-pc-elf
ac_cv_lib_gcc___umoddi3=yes
ac_cv_objext=o
ac_cv_path_install='/usr/bin/install -c'
ac_cv_path_mkdir=/usr/bin/mkdir
ac_cv_prog_AR=i686-pc-elf-ar
ac_cv_prog_AWK=gawk
ac_cv_prog_CC=i686-pc-elf-gcc
ac_cv_prog_RANLIB=i686-pc-elf-ranlib
ac_cv_prog_STRIP=i686-pc-elf-strip
ac_cv_prog_cc_c89=
ac_cv_prog_cc_g=yes
ac_cv_prog_make_make_set=yes
am_cv_CCAS_dependencies_compiler_type=gcc3
am_cv_CC_dependencies_compiler_type=gcc3
am_cv_ar_interface=ar
am_cv_make_support_nested_variables=yes
am_cv_prog_cc_c_o=yes

## ----------------- ##
## Output variables. ##
## ----------------- ##

ACLOCAL='${SHELL} /home/jake/projects/jkernel/kernel/missing aclocal-1.15'
AMDEPBACKSLASH='\'
AMDEP_FALSE='#'
AMDEP_TRUE=''
AMTAR='$${TAR-tar}'
AM_BACKSLASH='\'
AM_DEFAULT_V='$(AM_DEFAULT_VERBOSITY)'
AM_DEFAULT_VERBOSITY='1'
AM_V='$(V)'
AR='i686-pc-elf-ar'
ARCHDIR='x86'
ARCH_CFLAGS='-ffreestanding -nostdlib'
ARCH_LDFLAGS='-T ./arch/x86/linker32.ld'
AUTOCONF='${SHELL} /home/jake/projects/jkernel/kernel/missing autoconf'
AUTOHEADER='${SHELL} /home/jake/projects/jkernel/kernel/missing autoheader'
AUTOMAKE='${SHELL} /home/jake/projects/jkernel/kernel/missing automake-1.15'
AWK='gawk'
CC='i686-pc-elf-gcc'
CCAS='i686-pc-elf-gcc'
CCASDEPMODE='depmode=gcc3'
CCASFLAGS='-ffreestanding -nostdlib'
CCDEPMODE='depmode=gcc3'
CFLAGS='-ffreestanding -nostdlib'
CPPFLAGS=''
CYGPATH_W='echo'
DEBUG_CFLAGS=''
DEFS='-DHAVE_CONFIG_H'
DEPDIR='.deps'
ECHO_C=''
ECHO_N='-n'
ECHO_T=''
EXEEXT=''
INSTALL_DATA='${INSTALL} -m 644'
INSTALL_PROGRAM='${INSTALL}'
INSTALL_SCRIPT='${INSTALL}'
INSTALL_STRIP_PROGRAM='$(install_sh) -c -s'
LDFLAGS=''
LIBOBJS=''
LIBS='-lgcc '
LTLIBOBJS=''
MAKEINFO='${SHELL} /home/jake/projects/jkernel/kernel/missing makeinfo'
MKDIR_P='/usr/bin/mkdir -p'
OBJEXT='o'
PACKAGE='machulus'
PACKAGE_BUGREPORT=''
PACKAGE_NAME='machulus'
PACKAGE_STRING='machulus 0.0.1'
PACKAGE_TARNAME='machulus'
PACKAGE_URL=''
PACKAGE_VERSION='0.0.1'
PATH_SEPARATOR=':'
RANLIB='i686-pc-elf-ranlib'
SET_MAKE=''
SHELL='/bin/sh'
STRIP='i686-pc-elf-strip'
VERSION='0.0.1'
ac_ct_AR=''
ac_ct_CC=''
am__EXEEXT_FALSE=''
am__EXEEXT_TRUE='#'
am__fastdepCCAS_FALSE='#'
am__fastdepCCAS_TRUE=''
am__fastdepCC_FALSE='#'
am__fastdepCC_TRUE=''
am__include='include'
am__isrc=''
am__leading_dot='.'
am__nodep='_no'
am__quote=''
am__tar='$${TAR-tar} chof - "$$tardir"'
am__untar='$${TAR-tar} xf -'
bindir='${exec_prefix}/bin'
build='x86_64-pc-linux-gnu'
build_alias=''
build_cpu='x86_64'
build_os='linux-gnu'
build_vendor='pc'
datadir='${datarootdir}'
datarootdir='${prefix}/share'
docdir='${datarootdir}/doc/${PACKAGE_TARNAME}'
dvidir='${docdir}'
exec_prefix='${prefix}'
host='i686-pc-elf'
host_alias='i686-pc-elf'
host_cpu='i686'
host_os='elf'
host_vendor='pc'
htmldir='${docdir}'
includedir='${prefix}/include'
infodir='${datarootdir}/info'
install_sh='${SHELL} /home/jake/projects/jkernel/kernel/install-sh'
libdir='${exec_prefix}/lib'
libexecdir='${exec_prefix}/libexec'
localedir='${datarootdir}/locale'
localstatedir='${prefix}/var'
mandir='${datarootdir}/man'
mkdir_p='$(MKDIR_P)'
oldincludedir='/usr/include'
pdfdir='${docdir}'
prefix='/usr/local'
program_transform_name='s,x,x,'
psdir='${docdir}'
sbindir='${exec_prefix}/sbin'
sharedstatedir='${prefix}/com'
sysconfdir='${prefix}/etc'
target_alias=''

## ----------- ##
## confdefs.h. ##
## ----------- ##

/* confdefs.h */
#define PACKAGE_NAME "machulus"
#define PACKAGE_TARNAME "machulus"
#define PACKAGE_VERSION "0.0.1"
#define PACKAGE_STRING "machulus 0.0.1"
#define PACKAGE_BUGREPORT ""
#define PACKAGE_URL ""
#define PACKAGE "machulus"
#define VERSION "0.0.1"
#define __x86_64__ 0
#define __CPU_VERSION__ 686
#define HAVE_LIBGCC 1
#define __DEBUG__ 0
#define __PAE__ 0

configure: exit 0

## ---------------------- ##
## Running config.status. ##
## ---------------------- ##

This file was extended by machulus config.status 0.0.1, which was
generated by GNU Autoconf 2.69.  Invocation command line was

  CONFIG_FILES    = 
  CONFIG_HEADERS  = 
  CONFIG_LINKS    = 
  CONFIG_COMMANDS = 
  $ ./config.status Makefile depfiles

on mercurius

config.status:866: creating Makefile
config.status:1095: executing depfiles commands

## ---------------------- ##
## Running config.status. ##
## ---------------------- ##

This file was extended by machulus config.status 0.0.1, which was
generated by GNU Autoconf 2.69.  Invocation command line was

  CONFIG_FILES    = 
  CONFIG_HEADERS  = 
  CONFIG_LINKS    = 
  CONFIG_COMMANDS = 
  $ ./config.status arch/x86/Makefile depfiles

on mercurius

config.status:866: creating arch/x86/Makefile
config.status:1095: executing depfiles commands

## ---------------------- ##
## Running config.status. ##
## ---------------------- ##

This file was extended by machulus config.status 0.0.1, which was
generated by GNU Autoconf 2.69.  Invocation command line was

  CONFIG_FILES    = 
  CONFIG_HEADERS  = 
  CONFIG_LINKS    = 
  CONFIG_COMMANDS = 
  $ ./config.status arch/x86/Makefile depfiles

on mercurius

config.status:866: creating arch/x86/Makefile
config.status:1095: executing depfiles commands

## ---------------------- ##
## Running config.status. ##
## ---------------------- ##

This file was extended by machulus config.status 0.0.1, which was
generated by GNU Autoconf 2.69.  Invocation command line was

  CONFIG_FILES    = 
  CONFIG_HEADERS  = 
  CONFIG_LINKS    = 
  CONFIG_COMMANDS = 
  $ ./config.status arch/x86/Makefile depfiles

on mercurius

config.status:866: creating arch/x86/Makefile
config.status:1095: executing depfiles commands

## ---------------------- ##
## Running config.status. ##
## ---------------------- ##

This file was extended by machulus config.status 0.0.1, which was
generated by GNU Autoconf 2.69.  Invocation command line was

  CONFIG_FILES    = 
  CONFIG_HEADERS  = 
  CONFIG_LINKS    = 
  CONFIG_COMMANDS = 
  $ ./config.status arch/x86/Makefile depfiles

on mercurius

config.status:866: creating arch/x86/Makefile
config.status:1095: executing depfiles commands

## ---------------------- ##
## Running config.status. ##
## ---------------------- ##

This file was extended by machulus config.status 0.0.1, which was
generated by GNU Autoconf 2.69.  Invocation command line was

  CONFIG_FILES    = 
  CONFIG_HEADERS  = 
  CONFIG_LINKS    = 
  CONFIG_COMMANDS = 
  $ ./config.status arch/x86/Makefile depfiles

on mercurius

config.status:866: creating arch/x86/Makefile
config.status:1095: executing depfiles commands

## ---------------------- ##
## Running config.status. ##
## ---------------------- ##

This file was extended by machulus config.status 0.0.1, which was
generated by GNU Autoconf 2.69.  Invocation command line was

  CONFIG_FILES    = 
  CONFIG_HEADERS  = 
  CONFIG_LINKS    = 
  CONFIG_COMMANDS = 
  $ ./config.status arch/x86/Makefile depfiles

on mercurius

config.status:866: creating arch/x86/Makefile
config.status:1095: executing depfiles commands

## ---------------------- ##
## Running config.status. ##
## ---------------------- ##

This file was extended by machulus config.status 0.0.1, which was
generated by GNU Autoconf 2.69.  Invocation command line was

  CONFIG_FILES    = 
  CONFIG_HEADERS  = 
  CONFIG_LINKS    = 
  CONFIG_COMMANDS = 
  $ ./config.status arch/x86/Makefile depfiles

on mercurius

config.status:866: creating arch/x86/Makefile
config.status:1095: executing depfiles commands

## ---------------------- ##
## Running config.status. ##
## ---------------------- ##

This file was extended by machulus config.status 0.0.1, which was
generated by GNU Autoconf 2.69.  Invocation command line was

  CONFIG_FILES    = 
  CONFIG_HEADERS  = 
  CONFIG_LINKS    = 
  CONFIG_COMMANDS = 
  $ ./config.status arch/x86/Makefile depfiles

on mercurius

config.status:866: creating arch/x86/Makefile
config.status:1095: executing depfiles commands

## ---------------------- ##
## Running config.status. ##
## ---------------------- ##

This file was extended by machulus config.status 0.0.1, which was
generated by GNU Autoconf 2.69.  Invocation command line was

  CONFIG_FILES    = 
  CONFIG_HEADERS  = 
  CONFIG_LINKS    = 
  CONFIG_COMMANDS = 
  $ ./config.status arch/x86/Makefile depfiles

on mercurius

config.status:866: creating arch/x86/Makefile
config.status:1095: executing depfiles commands

## ---------------------- ##
## Running config.status. ##
## ---------------------- ##

This file was extended by machulus config.status 0.0.1, which was
generated by GNU Autoconf 2.69.  Invocation command line was

  CONFIG_FILES    = 
  CONFIG_HEADERS  = 
  CONFIG_LINKS    = 
  CONFIG_COMMANDS = 
  $ ./config.status arch/x86/Makefile depfiles

on mercurius

config.status:866: creating arch/x86/Makefile
config.status:1095: executing depfiles commands

## ---------------------- ##
## Running config.status. ##
## ---------------------- ##

This file was extended by machulus config.status 0.0.1, which was
generated by GNU Autoconf 2.69.  Invocation command line was

  CONFIG_FILES    = 
  CONFIG_HEADERS  = 
  CONFIG_LINKS    = 
  CONFIG_COMMANDS = 
  $ ./config.status arch/x86/Makefile depfiles

on mercurius

config.status:866: creating arch/x86/Makefile
config.status:1095: executing depfiles commands
